2016/05/25 23:03:33 [error] [exception.CDbException] exception 'CDbException' with message 'CDbConnection failed to open the DB connection: could not find driver' in /var/www/Allahuakbar/framework/db/CDbConnection.php:382
Stack trace:
#0 /var/www/Allahuakbar/framework/db/CDbConnection.php(330): CDbConnection->open()
#1 /var/www/Allahuakbar/framework/db/CDbConnection.php(308): CDbConnection->setActive(true)
#2 /var/www/Allahuakbar/framework/base/CModule.php(387): CDbConnection->init()
#3 /var/www/Allahuakbar/framework/base/CModule.php(103): CModule->getComponent('db')
#4 /var/www/Allahuakbar/framework/gii/generators/model/ModelCode.php(60): CModule->__get('db')
#5 /var/www/Allahuakbar/framework/web/CFormModel.php(39): ModelCode->init()
#6 /var/www/Allahuakbar/framework/gii/CCodeGenerator.php(153): CFormModel->__construct()
#7 /var/www/Allahuakbar/framework/gii/CCodeGenerator.php(63): CCodeGenerator->prepare()
#8 /var/www/Allahuakbar/framework/web/actions/CInlineAction.php(49): CCodeGenerator->actionIndex()
#9 /var/www/Allahuakbar/framework/web/CController.php(308): CInlineAction->runWithParams(Array)
#10 /var/www/Allahuakbar/framework/web/CController.php(286): CController->runAction(Object(CInlineAction))
#11 /var/www/Allahuakbar/framework/web/CController.php(265): CController->runActionWithFilters(Object(CInlineAction), Array)
#12 /var/www/Allahuakbar/framework/web/CWebApplication.php(282): CController->run('index')
#13 /var/www/Allahuakbar/framework/web/CWebApplication.php(141): CWebApplication->runController('gii/model/index')
#14 /var/www/Allahuakbar/framework/base/CApplication.php(180): CWebApplication->processRequest()
#15 /var/www/Allahuakbar/tikea/index.php(13): CApplication->run()
#16 {main}
REQUEST_URI=/Allahuakbar/tikea/index.php?r=gii/model/index
HTTP_REFERER=http://localhost/Allahuakbar/tikea/index.php?r=gii/default/index
---
